<?xml version="1.0" encoding="UTF-8"?>
<!-- Generated by org.testng.reporters.JUnitReportReporter -->
<testsuite hostname="LAPTOP-H7T2Q7DG" failures="0" tests="1" name="testcases.SigninPageTest" time="12.676" errors="0" timestamp="2021-11-07T21:06:39 IST" skipped="0">
  <testcase classname="testcases.SigninPageTest" name="testSigninUser" time="12.676"/>
  <system-out/>
</testsuite> <!-- testcases.SigninPageTest -->
