<?xml version="1.0" encoding="UTF-8"?>
<!-- Generated by org.testng.reporters.JUnitReportReporter -->
<testsuite hostname="LAPTOP-H7T2Q7DG" failures="0" tests="1" name="testcases.SigninPageTest" time="11.031" errors="0" timestamp="2021-11-07T21:11:40 IST" skipped="0">
  <testcase classname="testcases.SigninPageTest" name="testSigninUser" time="11.031"/>
  <system-out/>
</testsuite> <!-- testcases.SigninPageTest -->
